<?xml version="1.0" encoding="UTF-8"?>
<!-- Generated by org.testng.reporters.JUnitReportReporter -->
<testsuite hostname="PaxoTechWin7X64" name="FinctionalTesting.LoginBaseCripts" tests="1" failures="0" timestamp="28 Oct 2015 03:56:20 GMT" time="13.409" errors="0">
  <testcase name="login" time="13.409" classname="FinctionalTesting.LoginBaseCripts"/>
</testsuite> <!-- FinctionalTesting.LoginBaseCripts -->
